

 SAP2000 v25.3.1 Ultimate 64-bit (Analysis Build 9960/64)
 File: C:\Users\Ahmed\Desktop\...e purlins columns\end gable purlins columns.LOG




 B E G I N   A N A L Y S I S                                2025/04/20  06:53:18


 RUNNING ANALYSIS WITHIN THE GUI PROCESS
 USING THE ADVANCED SOLVER (PROVIDES LIMITED INSTABILITY INFORMATION)

 NUMBER OF JOINTS                          =          44
    WITH RESTRAINTS                        =          12
 NUMBER OF FRAME/CABLE/TENDON ELEMENTS     =          38
 NUMBER OF LOAD PATTERNS                   =           1
 NUMBER OF ACCELERATION LOADS              =          12
 NUMBER OF LOAD CASES                      =           2
 NUMBER OF MASS SOURCES                    =           1

 UNITS (FORCE, LENGTH, TEMPERATURE, TIME)  = kip, in, °F, sec
 GRAVITATIONAL ACCELERATION                =  386.088583

 ADDRESSABLE PHYSICAL MEMORY (RAM)         =      15.927 GB

 PARALLELIZATION OF ANALYSIS OPERATIONS:
  (Env. variable SAPFIRE_NUM_THREADS not set)
 NUMBER OF THREADS: STATE (AUTOMATIC)      =           6
 NUMBER OF THREADS: STIFFNESS (AUTOMATIC)  =           6
 NUMBER OF THREADS: EVENT (AUTOMATIC)      =           6
 NUMBER OF THREADS: MOVE (AUTOMATIC)       =           6
 NUMBER OF THREADS: RESPONSE (AUTOMATIC)   =           6
 NUMBER OF THREADS: SOLVE (AUTOMATIC)      =           6
 NUMBER OF THREADS: FORM (AUTOMATIC)       =           6


 E L E M E N T   F O R M A T I O N                                      06:53:18



 L I N E A R   E Q U A T I O N   S O L U T I O N                        06:53:18

 FORMING STIFFNESS AT ZERO (UNSTRESSED) INITIAL CONDITIONS

 TOTAL NUMBER OF EQUILIBRIUM EQUATIONS     =         240
 NUMBER OF NON-ZERO STIFFNESS TERMS        =        2022

 ---------------------------------
 BASIC STABILITY CHECK FOR LINEAR LOAD CASES:
    NUMBER OF NEGATIVE STIFFNESS EIGENVALUES SHOULD BE ZERO FOR STABILITY.
    (NOTE: FURTHER CHECKS SHOULD BE CONSIDERED AS DEEMED NECESSARY,
     SUCH AS REVIEWING EIGEN MODES FOR MECHANISMS AND RIGID-BODY MOTION)

    NUMBER OF NEGATIVE EIGENVALUES         =           5

 * * * W A R N I N G * * *
 THE STRUCTURE IS UNSTABLE OR ILL-CONDITIONED !!
 CHECK THE STRUCTURE CAREFULLY FOR:
 - INADEQUATE SUPPORT CONDITIONS, OR
 - ONE OR MORE INTERNAL MECHANISMS, OR
 - ZERO OR NEGATIVE STIFFNESS PROPERTIES, OR
 - EXTREMELY LARGE STIFFNESS PROPERTIES, OR
 - BUCKLING DUE TO P-DELTA OR GEOMETRIC NONLINEARITY, OR
 - A FREQUENCY SHIFT (IF ANY) ONTO A NATURAL FREQUENCY



 L I N E A R   S T A T I C   C A S E S                                  06:53:18

 USING STIFFNESS AT ZERO (UNSTRESSED) INITIAL CONDITIONS

 TOTAL NUMBER OF CASES TO SOLVE            =           1
 NUMBER OF CASES TO SOLVE PER BLOCK        =           1

 LINEAR STATIC CASES TO BE SOLVED:

 CASE: DEAD


 E I G E N   M O D A L   A N A L Y S I S                                06:53:18

 CASE: MODAL

 USING STIFFNESS AT ZERO (UNSTRESSED) INITIAL CONDITIONS

 NUMBER OF STIFFNESS DEGREES OF FREEDOM    =         240
 NUMBER OF MASS DEGREES OF FREEDOM         =         108
 MAXIMUM NUMBER OF EIGEN MODES SOUGHT      =          12
 MINIMUM NUMBER OF EIGEN MODES SOUGHT      =           1
 NUMBER OF RESIDUAL-MASS MODES SOUGHT      =           0
 NUMBER OF SUBSPACE VECTORS USED           =          24
 RELATIVE CONVERGENCE TOLERANCE            =    1.00E-09

 FREQUENCY SHIFT  (CENTER) (CYC/TIME)      =     .000000
 FREQUENCY CUTOFF (RADIUS) (CYC/TIME)      =  -INFINITY-
 ALLOW AUTOMATIC FREQUENCY SHIFTING        =         YES


 Original stiffness at shift : EV= 0.0000000E+00, f=     .000000, T=  -INFINITY-
 Number of eigenvalues below shift =      5
 Found mode      1 of     12:  EV=-5.2282432E-13, f=   -1.15E-07, T= -8.6896E+06
 Found mode      2 of     12:  EV=-1.0683607E-12, f=   -1.65E-07, T= -6.0788E+06
 Found mode      3 of     12:  EV= 5.7286985E-11, f=    1.20E-06, T=  830141.038
 Found mode      4 of     12:  EV= 8.4990488E-11, f=    1.47E-06, T=  681545.268
 Found mode      5 of     12:  EV= 1.1883336E-10, f=    1.73E-06, T=  576382.362
 Found mode      6 of     12:  EV= 1.3525097E-10, f=    1.85E-06, T=  540268.532

 Forming stiffness, new shift: EV= 1.0385644E+02, f=    1.621948, T=    0.616543
 Number of eigenvalues below shift =      9
 Found mode      7 of     12:  EV= 1.0932431E+02, f=    1.664096, T=    0.600927
 Found mode      8 of     12:  EV= 1.2158967E+02, f=    1.754965, T=    0.569812
 Found mode      9 of     12:  EV= 1.2158967E+02, f=    1.754965, T=    0.569812
 Found mode     10 of     12:  EV= 1.3551882E+02, f=    1.852763, T=    0.539734
 Found mode     11 of     12:  EV= 1.5135801E+02, f=    1.958046, T=    0.510713
 Found mode     12 of     12:  EV= 1.5135801E+02, f=    1.958046, T=    0.510713

 * * * W A R N I N G * * *
 ZERO OR NEGATIVE MODAL-MASS VALUES WERE DETECTED DURING ITERATION,
 THE RESULTING EIGEN-MODES MAY NOT BE VALID - CHECK THEM CAREFULLY !!

 THE STRUCTURE IS UNSTABLE OR ILL-CONDITIONED !!
 CHECK THE STRUCTURE CAREFULLY FOR:
 - INADEQUATE SUPPORT CONDITIONS, OR
 - ONE OR MORE INTERNAL MECHANISMS, OR
 - ZERO OR NEGATIVE STIFFNESS PROPERTIES, OR
 - EXTREMELY LARGE STIFFNESS PROPERTIES, OR
 - BUCKLING DUE TO P-DELTA OR GEOMETRIC NONLINEARITY, OR
 - A FREQUENCY SHIFT (IF ANY) ONTO A NATURAL FREQUENCY


 NUMBER OF EIGEN MODES FOUND               =          12
 NUMBER OF ITERATIONS PERFORMED            =          10
 NUMBER OF STIFFNESS SHIFTS                =           1


 A N A L Y S I S   C O M P L E T E                          2025/04/20  06:53:18
