

 SAP2000 v25.3.1 Ultimate 64-bit (Analysis Build 9960/64)                       
 File: C:\Users\Ahmed\Desktop\...e purlins columns\end gable purlins columns.OUT
                                                                     
                                                                       

 D I S P L A C E M E N T   D E G R E E S   O F   F R E E D O M

         (A) = Active DOF, equilibrium equation
         (-) = Restrained DOF, reaction computed
         (+) = Constrained DOF
         (>) = External substructure DOF
         ( ) = Null DOF

  JOINTS              UX  UY  UZ  RX  RY  RZ
       1               -   -   -   A   A   A
       2 TO       5    A   A   A   A   A   A
       6               A   A   -   A   A   A
       7               -   -   -   A   A   A
       8 TO      12    A   A   A   A   A   A
      13               A   A   -   A   A   A
      14               -   -   -   A   A   A
      15 TO      20    A   A   A   A   A   A
      21               A   A   -   A   A   A
      22               -   -   -   A   A   A
      23 TO      26    A   A   A   A   A   A
      27               A   A   -   A   A   A
      28               -   -   -   A   A   A
      29 TO      35    A   A   A   A   A   A
      36               A   A   -   A   A   A
      37               -   -   -   A   A   A
      38 TO      43    A   A   A   A   A   A
      44               A   A   -   A   A   A
