

 SAP2000 v25.3.1 Ultimate 64-bit (Analysis Build 9960/64)                       
 File: C:\Users\Ahmed\Desktop\...sap model main frame\main frame analysis V7.OUT
                                                                     
                                                                       

 D I S P L A C E M E N T   D E G R E E S   O F   F R E E D O M

         (A) = Active DOF, equilibrium equation
         (-) = Restrained DOF, reaction computed
         (+) = Constrained DOF
         (>) = External substructure DOF
         ( ) = Null DOF

  JOINTS              UX  UY  UZ  RX  RY  RZ
      14               -   -   -   -   -   -
      20 TO      28    A   A   A   A   A   A
      29               -   -   -   -   -   -
      33 TO     104    A   A   A   A   A   A
     105               -   -   -   A   A   A
     106 TO     108    A   A   A   A   A   A
     109               -   -   -   A   A   A
     111 TO     122    A   A   A   A   A   A
     123 TO       4    -   -   -   A   A   A
       5               A   A   A   A   A   A
       9               -   -   -   A   A   A
      98 TO      34    A   A   A   A   A   A
