

 SAP2000 v25.3.1 Ultimate 64-bit (Analysis Build 9960/64)                       
 File: C:\Users\Ahmed\Desktop\...opment\04-sap model-2\VR bracing\VR bracing.OUT
                                                                     
                                                                       

 D I S P L A C E M E N T   D E G R E E S   O F   F R E E D O M

         (A) = Active DOF, equilibrium equation
         (-) = Restrained DOF, reaction computed
         (+) = Constrained DOF
         (>) = External substructure DOF
         ( ) = Null DOF

  JOINTS              UX  UY  UZ  RX  RY  RZ
       9 TO      10    -   -   -   A   A   A
      11 TO      14    A   A   A   A   A   A
      24               -   -   -   A   A   A
      25 TO      32    A   A   A   A   A   A
      33               -   -   -   A   A   A
      34               A   A   A   A   A   A
      35               -   -   -   A   A   A
      36               A   A   A   A   A   A
      37               -   -   -   A   A   A
      38 TO      45    A   A   A   A   A   A
      56 TO      57    -   -   -   A   A   A
      58 TO      16    A   A   A   A   A   A
      17               -   -   -   A   A   A
      18               A   A   A   A   A   A
      19               -   -   -   A   A   A
      20 TO      47    A   A   A   A   A   A
