

 SAP2000 v25.3.1 Ultimate 64-bit (Analysis Build 9960/64)
 File: C:\Users\Ahmed\Desktop\...04-sap model-2\roof HZ bracing\roof bracing.LOG




 B E G I N   A N A L Y S I S                                2025/04/20  21:12:18


 RUNNING ANALYSIS WITHIN THE GUI PROCESS
 USING THE ADVANCED SOLVER (PROVIDES LIMITED INSTABILITY INFORMATION)

 NUMBER OF JOINTS                          =         114
    WITH RESTRAINTS                        =          20
 NUMBER OF FRAME/CABLE/TENDON ELEMENTS     =         273
 NUMBER OF LOAD PATTERNS                   =           2
 NUMBER OF ACCELERATION LOADS              =          12
 NUMBER OF LOAD CASES                      =           3
 NUMBER OF MASS SOURCES                    =           1

 UNITS (FORCE, LENGTH, TEMPERATURE, TIME)  = kip, in, °F, sec
 GRAVITATIONAL ACCELERATION                =  386.088583

 ADDRESSABLE PHYSICAL MEMORY (RAM)         =      15.927 GB

 PARALLELIZATION OF ANALYSIS OPERATIONS:
  (Env. variable SAPFIRE_NUM_THREADS not set)
 NUMBER OF THREADS: STATE (AUTOMATIC)      =           6
 NUMBER OF THREADS: STIFFNESS (AUTOMATIC)  =           6
 NUMBER OF THREADS: EVENT (AUTOMATIC)      =           6
 NUMBER OF THREADS: MOVE (AUTOMATIC)       =           6
 NUMBER OF THREADS: RESPONSE (AUTOMATIC)   =           6
 NUMBER OF THREADS: SOLVE (AUTOMATIC)      =           6
 NUMBER OF THREADS: FORM (AUTOMATIC)       =           6


 E L E M E N T   F O R M A T I O N                                      21:12:18



 L I N E A R   E Q U A T I O N   S O L U T I O N                        21:12:18

 FORMING STIFFNESS AT ZERO (UNSTRESSED) INITIAL CONDITIONS

 TOTAL NUMBER OF EQUILIBRIUM EQUATIONS     =         302
 NUMBER OF NON-ZERO STIFFNESS TERMS        =        2625

 * * * W A R N I N G * * *
 THE STRUCTURE IS UNSTABLE OR ILL-CONDITIONED !!
 CHECK THE STRUCTURE CAREFULLY FOR:
 - INADEQUATE SUPPORT CONDITIONS, OR
 - ONE OR MORE INTERNAL MECHANISMS, OR
 - ZERO OR NEGATIVE STIFFNESS PROPERTIES, OR
 - EXTREMELY LARGE STIFFNESS PROPERTIES, OR
 - BUCKLING DUE TO P-DELTA OR GEOMETRIC NONLINEARITY, OR
 - A FREQUENCY SHIFT (IF ANY) ONTO A NATURAL FREQUENCY

 TO OBTAIN FURTHER INFORMATION:
 - USE THE STANDARD SOLVER, OR
 - RUN AN EIGEN ANALYSIS USING AUTO FREQUENCY SHIFTING (WITH
   ADDITIONAL MASS IF NEEDED) AND INVESTIGATE THE MODE SHAPES


 ---------------------------------
 BASIC STABILITY CHECK FOR LINEAR LOAD CASES:
    NUMBER OF NEGATIVE STIFFNESS EIGENVALUES SHOULD BE ZERO FOR STABILITY.
    (NOTE: FURTHER CHECKS SHOULD BE CONSIDERED AS DEEMED NECESSARY,
     SUCH AS REVIEWING EIGEN MODES FOR MECHANISMS AND RIGID-BODY MOTION)

    NUMBER OF NEGATIVE EIGENVALUES         =           2

 * * * W A R N I N G * * *
 THE STRUCTURE IS UNSTABLE OR ILL-CONDITIONED !!
 CHECK THE STRUCTURE CAREFULLY FOR:
 - INADEQUATE SUPPORT CONDITIONS, OR
 - ONE OR MORE INTERNAL MECHANISMS, OR
 - ZERO OR NEGATIVE STIFFNESS PROPERTIES, OR
 - EXTREMELY LARGE STIFFNESS PROPERTIES, OR
 - BUCKLING DUE TO P-DELTA OR GEOMETRIC NONLINEARITY, OR
 - A FREQUENCY SHIFT (IF ANY) ONTO A NATURAL FREQUENCY



 L I N E A R   S T A T I C   C A S E S                                  21:12:18

 USING STIFFNESS AT ZERO (UNSTRESSED) INITIAL CONDITIONS

 TOTAL NUMBER OF CASES TO SOLVE            =           2
 NUMBER OF CASES TO SOLVE PER BLOCK        =           2

 LINEAR STATIC CASES TO BE SOLVED:

 CASE: DEAD
 CASE: SECOND DIR


 E I G E N   M O D A L   A N A L Y S I S                                21:12:18

 CASE: MODAL

 USING STIFFNESS AT ZERO (UNSTRESSED) INITIAL CONDITIONS

 NUMBER OF STIFFNESS DEGREES OF FREEDOM    =         302
 NUMBER OF MASS DEGREES OF FREEDOM         =         302
 MAXIMUM NUMBER OF EIGEN MODES SOUGHT      =          12
 MINIMUM NUMBER OF EIGEN MODES SOUGHT      =           1
 NUMBER OF RESIDUAL-MASS MODES SOUGHT      =           0
 NUMBER OF SUBSPACE VECTORS USED           =          24
 RELATIVE CONVERGENCE TOLERANCE            =    1.00E-09

 FREQUENCY SHIFT  (CENTER) (CYC/TIME)      =     .000000
 FREQUENCY CUTOFF (RADIUS) (CYC/TIME)      =  -INFINITY-
 ALLOW AUTOMATIC FREQUENCY SHIFTING        =         YES


 Original stiffness at shift : EV= 0.0000000E+00, f=     .000000, T=  -INFINITY-
 Number of eigenvalues below shift =      2

 Iteration    Approximations to next 5 eigenvalues, from shift EV= 0.0000000E+00
       3  -5.3166261E-11-5.6896076E-11 1.7020050E-10 3.5718197E-10 3.5914891E-10

 Found mode      1 of     12:  EV=-5.3174552E-11, f=   -1.16E-06, T= -861644.162
 Found mode      2 of     12:  EV=-5.6906099E-11, f=   -1.20E-06, T= -832914.572
 Found mode      3 of     12:  EV= 1.6395953E-10, f=    2.04E-06, T=  490694.893

 Iteration    Approximations to next 5 eigenvalues, from shift EV= 0.0000000E+00
      17   3.5198761E-10 3.5302740E-10 3.5347337E-10 3.5436035E-10 3.5546951E-10
      18   3.5173561E-10 3.5271949E-10 3.5317895E-10 3.5398406E-10 3.5509039E-10
      19   3.5149992E-10 3.5242723E-10 3.5289833E-10 3.5362344E-10 3.5472269E-10
      20   3.5128008E-10 3.5215100E-10 3.5263132E-10 3.5327926E-10 3.5436736E-10
      21   3.5107552E-10 3.5189088E-10 3.5237771E-10 3.5295208E-10 3.5402516E-10
      23   3.5070965E-10 3.5141842E-10 3.5190965E-10 3.5234984E-10 3.5338237E-10
      24   3.5054696E-10 3.5120540E-10 3.5169457E-10 3.5207488E-10 3.5308246E-10
      25   3.5039680E-10 3.5100718E-10 3.5149164E-10 3.5181715E-10 3.5279708E-10
      26   3.5025843E-10 3.5082319E-10 3.5130045E-10 3.5157632E-10 3.5252622E-10
      27   3.5013111E-10 3.5065277E-10 3.5112052E-10 3.5135197E-10 3.5226974E-10
      28   3.5001412E-10 3.5049522E-10 3.5095135E-10 3.5114360E-10 3.5202742E-10
      29   3.4990676E-10 3.5034984E-10 3.5079240E-10 3.5095066E-10 3.5179896E-10
      31   3.4971824E-10 3.5009268E-10 3.5050266E-10 3.5060885E-10 3.5138200E-10
      32   3.4963581E-10 3.4997948E-10 3.5037051E-10 3.5045889E-10 3.5119259E-10
      33   3.4956047E-10 3.4987561E-10 3.5024597E-10 3.5032215E-10 3.5101522E-10
      34   3.4949165E-10 3.4978040E-10 3.5012857E-10 3.5019784E-10 3.5084936E-10
      35   3.4942885E-10 3.4969321E-10 3.5001820E-10 3.5008488E-10 3.5069447E-10
      36   3.4937158E-10 3.4961345E-10 3.4991496E-10 3.4998197E-10 3.5054999E-10
      37   3.4931937E-10 3.4954053E-10 3.4981898E-10 3.4988787E-10 3.5041539E-10
      70   3.4881966E-10 3.4882900E-10 3.4884561E-10 3.4886228E-10 3.4888336E-10
      71   3.4881772E-10 3.4882615E-10 3.4884149E-10 3.4885679E-10 3.4887554E-10
      72   3.4881595E-10 3.4882357E-10 3.4883773E-10 3.4885176E-10 3.4886842E-10
      73   3.4881436E-10 3.4882123E-10 3.4883431E-10 3.4884716E-10 3.4886194E-10
      74   3.4881291E-10 3.4881911E-10 3.4883120E-10 3.4884294E-10 3.4885604E-10
      86   3.4880331E-10 3.4880508E-10 3.4880965E-10 3.4881331E-10 3.4881623E-10
      87   3.4880292E-10 3.4880451E-10 3.4880871E-10 3.4881201E-10 3.4881458E-10
      88   3.4880257E-10 3.4880400E-10 3.4880786E-10 3.4881083E-10 3.4881309E-10
      89   3.4880225E-10 3.4880353E-10 3.4880708E-10 3.4880976E-10 3.4881174E-10
      91   3.4880170E-10 3.4880274E-10 3.4880573E-10 3.4880789E-10 3.4880942E-10
      92   3.4880146E-10 3.4880240E-10 3.4880514E-10 3.4880708E-10 3.4880843E-10
      93   3.4880125E-10 3.4880209E-10 3.4880460E-10 3.4880635E-10 3.4880753E-10
      94   3.4880106E-10 3.4880181E-10 3.4880412E-10 3.4880568E-10 3.4880672E-10
      95   3.4880089E-10 3.4880157E-10 3.4880367E-10 3.4880508E-10 3.4880599E-10
      96   3.4880073E-10 3.4880134E-10 3.4880327E-10 3.4880453E-10 3.4880533E-10
      97   3.4880059E-10 3.4880114E-10 3.4880290E-10 3.4880403E-10 3.4880473E-10
      99   3.4880035E-10 3.4880079E-10 3.4880226E-10 3.4880317E-10 3.4880371E-10
     103   3.4880000E-10 3.4880029E-10 3.4880130E-10 3.4880188E-10 3.4880220E-10
     117   3.4879948E-10 3.4879954E-10 3.4879980E-10 3.4879992E-10 3.4879998E-10
     118   3.4879946E-10 3.4879952E-10 3.4879975E-10 3.4879986E-10 3.4879991E-10
     119   3.4879945E-10 3.4879950E-10 3.4879971E-10 3.4879981E-10 3.4879985E-10
     120   3.4879943E-10 3.4879948E-10 3.4879967E-10 3.4879976E-10 3.4879980E-10
     121   3.4879942E-10 3.4879946E-10 3.4879964E-10 3.4879971E-10 3.4879975E-10
     123   3.4879940E-10 3.4879944E-10 3.4879958E-10 3.4879964E-10 3.4879967E-10
     124   3.4879940E-10 3.4879943E-10 3.4879955E-10 3.4879961E-10 3.4879963E-10
     125   3.4879939E-10 3.4879942E-10 3.4879953E-10 3.4879958E-10 3.4879960E-10
     126   3.4879938E-10 3.4879941E-10 3.4879951E-10 3.4879955E-10 3.4879957E-10
     127   3.4879938E-10 3.4879940E-10 3.4879949E-10 3.4879953E-10 3.4879955E-10
     128   3.4879937E-10 3.4879939E-10 3.4879947E-10 3.4879951E-10 3.4879952E-10
     129   3.4879937E-10 3.4879938E-10 3.4879946E-10 3.4879949E-10 3.4879950E-10
     131   3.4879936E-10 3.4879937E-10 3.4879943E-10 3.4879946E-10 3.4879947E-10
     132   3.4879935E-10 3.4879937E-10 3.4879942E-10 3.4879945E-10 3.4879945E-10
     133   3.4879935E-10 3.4879936E-10 3.4879941E-10 3.4879943E-10 3.4879944E-10
     134   3.4879935E-10 3.4879936E-10 3.4879940E-10 3.4879942E-10 3.4879943E-10
     135   3.4879935E-10 3.4879936E-10 3.4879940E-10 3.4879941E-10 3.4879942E-10
     136   3.4879934E-10 3.4879935E-10 3.4879939E-10 3.4879940E-10 3.4879941E-10
     137   3.4879934E-10 3.4879935E-10 3.4879938E-10 3.4879940E-10 3.4879940E-10
     138   3.4879934E-10 3.4879935E-10 3.4879938E-10 3.4879939E-10 3.4879939E-10
     140   3.4879934E-10 3.4879934E-10 3.4879937E-10 3.4879938E-10 3.4879938E-10
     141   3.4879934E-10 3.4879934E-10 3.4879936E-10 3.4879937E-10 3.4879937E-10
     142   3.4879933E-10 3.4879934E-10 3.4879936E-10 3.4879937E-10 3.4879937E-10
     143   3.4879933E-10 3.4879934E-10 3.4879935E-10 3.4879936E-10 3.4879936E-10
     144   3.4879933E-10 3.4879934E-10 3.4879935E-10 3.4879936E-10 3.4879936E-10
     145   3.4879933E-10 3.4879933E-10 3.4879935E-10 3.4879935E-10 3.4879936E-10
     146   3.4879933E-10 3.4879933E-10 3.4879935E-10 3.4879935E-10 3.4879935E-10

 Found mode      4 of     12:  EV= 3.4879933E-10, f=    2.97E-06, T=  336427.933

 Iteration    Approximations to next 5 eigenvalues, from shift EV= 0.0000000E+00
     148   3.4879933E-10 3.4879934E-10 3.4879935E-10 3.4879935E-10 3.4879938E-10
     149   3.4879933E-10 3.4879934E-10 3.4879934E-10 3.4879934E-10 3.4879937E-10

 Found mode      5 of     12:  EV= 3.4879933E-10, f=    2.97E-06, T=  336427.933

 Iteration    Approximations to next 5 eigenvalues, from shift EV= 0.0000000E+00
     150   3.4879934E-10 3.4879934E-10 3.4879934E-10 3.4879937E-10 3.4879943E-10
     151   3.4879934E-10 3.4879934E-10 3.4879934E-10 3.4879936E-10 3.4879942E-10
     152   3.4879933E-10 3.4879934E-10 3.4879934E-10 3.4879936E-10 3.4879941E-10
     153   3.4879933E-10 3.4879934E-10 3.4879934E-10 3.4879936E-10 3.4879940E-10
     154   3.4879933E-10 3.4879934E-10 3.4879934E-10 3.4879935E-10 3.4879940E-10
     156   3.4879933E-10 3.4879933E-10 3.4879933E-10 3.4879935E-10 3.4879938E-10
     157   3.4879933E-10 3.4879933E-10 3.4879933E-10 3.4879934E-10 3.4879938E-10

 Found mode      6 of     12:  EV= 3.4879933E-10, f=    2.97E-06, T=  336427.933

 Iteration    Approximations to next 5 eigenvalues, from shift EV= 0.0000000E+00
     158   3.4879933E-10 3.4879933E-10 3.4879934E-10 3.4879937E-10 3.4880029E-10
     159   3.4879933E-10 3.4879933E-10 3.4879934E-10 3.4879937E-10 3.4880022E-10
     160   3.4879933E-10 3.4879933E-10 3.4879934E-10 3.4879936E-10 3.4880016E-10

 Found mode      7 of     12:  EV= 3.4879933E-10, f=    2.97E-06, T=  336427.933

 Iteration    Approximations to next 5 eigenvalues, from shift EV= 0.0000000E+00
     161   3.4879933E-10 3.4879934E-10 3.4879936E-10 3.4880008E-10 3.5822007E-10

 Found mode      8 of     12:  EV= 3.4879933E-10, f=    2.97E-06, T=  336427.933

 Iteration    Approximations to next 5 eigenvalues, from shift EV= 0.0000000E+00
     162   3.4879933E-10 3.4879935E-10 3.4880001E-10 3.5822001E-10 3.5822023E-10
     164   3.4879933E-10 3.4879935E-10 3.4879992E-10 3.5821994E-10 3.5822013E-10
     165   3.4879933E-10 3.4879934E-10 3.4879987E-10 3.5821990E-10 3.5822009E-10
     166   3.4879933E-10 3.4879934E-10 3.4879983E-10 3.5821987E-10 3.5822004E-10
     167   3.4879933E-10 3.4879934E-10 3.4879979E-10 3.5821983E-10 3.5822000E-10

 Found mode      9 of     12:  EV= 3.4879933E-10, f=    2.97E-06, T=  336427.933

 Iteration    Approximations to next 5 eigenvalues, from shift EV= 0.0000000E+00
     168   3.4879934E-10 3.4879974E-10 3.5821979E-10 3.5821995E-10 3.5822036E-10
     169   3.4879934E-10 3.4879971E-10 3.5821977E-10 3.5821991E-10 3.5822030E-10
     170   3.4879934E-10 3.4879968E-10 3.5821974E-10 3.5821988E-10 3.5822025E-10
     171   3.4879934E-10 3.4879965E-10 3.5821971E-10 3.5821985E-10 3.5822020E-10
     173   3.4879933E-10 3.4879960E-10 3.5821967E-10 3.5821979E-10 3.5822010E-10
     174   3.4879933E-10 3.4879958E-10 3.5821965E-10 3.5821976E-10 3.5822005E-10
     175   3.4879933E-10 3.4879956E-10 3.5821963E-10 3.5821973E-10 3.5822001E-10
     176   3.4879933E-10 3.4879954E-10 3.5821961E-10 3.5821971E-10 3.5821997E-10
     177   3.4879933E-10 3.4879952E-10 3.5821959E-10 3.5821968E-10 3.5821994E-10

 Found mode     10 of     12:  EV= 3.4879933E-10, f=    2.97E-06, T=  336427.933

 Iteration    Approximations to next 5 eigenvalues, from shift EV= 0.0000000E+00
     178   3.4879950E-10 3.5821956E-10 3.5821966E-10 3.5821990E-10 3.5822006E-10
     179   3.4879949E-10 3.5821955E-10 3.5821964E-10 3.5821986E-10 3.5822002E-10
     181   3.4879946E-10 3.5821952E-10 3.5821960E-10 3.5821980E-10 3.5821994E-10
     182   3.4879945E-10 3.5821951E-10 3.5821958E-10 3.5821977E-10 3.5821990E-10
     183   3.4879944E-10 3.5821949E-10 3.5821956E-10 3.5821975E-10 3.5821987E-10
     184   3.4879943E-10 3.5821948E-10 3.5821955E-10 3.5821972E-10 3.5821984E-10
     185   3.4879942E-10 3.5821947E-10 3.5821953E-10 3.5821970E-10 3.5821981E-10
     186   3.4879941E-10 3.5821946E-10 3.5821952E-10 3.5821967E-10 3.5821978E-10
     187   3.4879940E-10 3.5821945E-10 3.5821951E-10 3.5821965E-10 3.5821975E-10
     189   3.4879939E-10 3.5821943E-10 3.5821948E-10 3.5821961E-10 3.5821970E-10
     190   3.4879938E-10 3.5821942E-10 3.5821947E-10 3.5821959E-10 3.5821968E-10
     191   3.4879938E-10 3.5821941E-10 3.5821946E-10 3.5821958E-10 3.5821965E-10
     192   3.4879937E-10 3.5821940E-10 3.5821945E-10 3.5821956E-10 3.5821963E-10
     193   3.4879937E-10 3.5821940E-10 3.5821944E-10 3.5821954E-10 3.5821961E-10
     194   3.4879936E-10 3.5821939E-10 3.5821943E-10 3.5821953E-10 3.5821960E-10
     195   3.4879936E-10 3.5821938E-10 3.5821942E-10 3.5821952E-10 3.5821958E-10
     197   3.4879935E-10 3.5821937E-10 3.5821940E-10 3.5821949E-10 3.5821955E-10
     198   3.4879935E-10 3.5821937E-10 3.5821940E-10 3.5821948E-10 3.5821953E-10
     199   3.4879935E-10 3.5821936E-10 3.5821939E-10 3.5821947E-10 3.5821952E-10
     200   3.4879935E-10 3.5821936E-10 3.5821938E-10 3.5821946E-10 3.5821950E-10
     201   3.4879934E-10 3.5821935E-10 3.5821938E-10 3.5821945E-10 3.5821949E-10
     202   3.4879934E-10 3.5821935E-10 3.5821937E-10 3.5821944E-10 3.5821948E-10
     203   3.4879934E-10 3.5821934E-10 3.5821937E-10 3.5821943E-10 3.5821947E-10
     205   3.4879934E-10 3.5821933E-10 3.5821936E-10 3.5821941E-10 3.5821945E-10
     206   3.4879934E-10 3.5821933E-10 3.5821935E-10 3.5821940E-10 3.5821944E-10
     207   3.4879934E-10 3.5821933E-10 3.5821935E-10 3.5821940E-10 3.5821943E-10
     208   3.4879933E-10 3.5821932E-10 3.5821934E-10 3.5821939E-10 3.5821942E-10
     209   3.4879933E-10 3.5821932E-10 3.5821934E-10 3.5821938E-10 3.5821941E-10
     210   3.4879933E-10 3.5821932E-10 3.5821933E-10 3.5821938E-10 3.5821940E-10
     211   3.4879933E-10 3.5821932E-10 3.5821933E-10 3.5821937E-10 3.5821940E-10
     213   3.4879933E-10 3.5821931E-10 3.5821932E-10 3.5821936E-10 3.5821938E-10

 Found mode     11 of     12:  EV= 3.4879933E-10, f=    2.97E-06, T=  336427.933

 Iteration    Approximations to next 5 eigenvalues, from shift EV= 0.0000000E+00
     214   3.5821930E-10 3.5821932E-10 3.5821934E-10 3.5821937E-10 3.5821946E-10
     215   3.5821930E-10 3.5821932E-10 3.5821934E-10 3.5821937E-10 3.5821945E-10
     216   3.5821930E-10 3.5821932E-10 3.5821933E-10 3.5821936E-10 3.5821944E-10
     217   3.5821930E-10 3.5821931E-10 3.5821933E-10 3.5821936E-10 3.5821943E-10
     218   3.5821930E-10 3.5821931E-10 3.5821933E-10 3.5821935E-10 3.5821942E-10
     219   3.5821929E-10 3.5821931E-10 3.5821932E-10 3.5821935E-10 3.5821941E-10
     221   3.5821929E-10 3.5821930E-10 3.5821932E-10 3.5821934E-10 3.5821940E-10
     225   3.5821929E-10 3.5821930E-10 3.5821931E-10 3.5821933E-10 3.5821937E-10
     226   3.5821929E-10 3.5821929E-10 3.5821931E-10 3.5821932E-10 3.5821937E-10
     227   3.5821928E-10 3.5821929E-10 3.5821930E-10 3.5821932E-10 3.5821936E-10
     229   3.5821928E-10 3.5821929E-10 3.5821930E-10 3.5821931E-10 3.5821935E-10
     230   3.5821928E-10 3.5821929E-10 3.5821930E-10 3.5821931E-10 3.5821935E-10
     231   3.5821928E-10 3.5821929E-10 3.5821930E-10 3.5821931E-10 3.5821934E-10
     232   3.5821928E-10 3.5821929E-10 3.5821929E-10 3.5821931E-10 3.5821934E-10
     233   3.5821928E-10 3.5821929E-10 3.5821929E-10 3.5821930E-10 3.5821933E-10
     234   3.5821928E-10 3.5821928E-10 3.5821929E-10 3.5821930E-10 3.5821933E-10

 Found mode     12 of     12:  EV= 3.5821928E-10, f=    3.01E-06, T=  331975.009

 NUMBER OF EIGEN MODES FOUND               =          12
 NUMBER OF ITERATIONS PERFORMED            =         234
 NUMBER OF STIFFNESS SHIFTS                =           0


 A N A L Y S I S   C O M P L E T E                          2025/04/20  21:12:19
